root -> INFO: Hello
root -> INFO: data_offset=200000, min_samp=500, min_elo=2500, remove_ties=0
root -> INFO: history_count = 4
root -> INFO: learning_rate=0.0015, weight_decay=0.0001, batch_size=5000, epochs=50
chess.pgn -> ERROR: illegal san: 'Nd3' in rnbqkbnr/pp2ppp1/2p4p/3p4/3P4/6P1/PPP1PPBP/RNBQK1NR w KQkq - 0 4 while parsing <Game at 0x7bdc98545cc0 ('?' vs. '?', '????.??.??' at '?')>
chess.pgn -> ERROR: illegal san: 'Ndc3' in rnbqkbnr/pp2p2p/3p2p1/2p5/4NP2/3P2P1/PPP4P/R1BQKBNR w KQkq - 0 7 while parsing <Game at 0x7bdc9853ee30 ('?' vs. '?', '????.??.??' at '?')>
chess.pgn -> ERROR: illegal san: 'Bb6' in r1bqkbnr/pp2pppp/2n5/3p4/3P4/5N2/PPP1BPPP/RNBQK2R b KQkq - 2 5 while parsing <Game at 0x7bdbdc2d7f10 ('?' vs. '?', '????.??.??' at '?')>
chess.pgn -> ERROR: illegal san: 'Nc2' in rnbqkbnr/pp1p1ppp/2p5/4p3/4P3/2P5/PP1P1PPP/RNBQKBNR w KQkq - 0 3 while parsing <Game at 0x7bdbdd0b8490 ('?' vs. '?', '????.??.??' at '?')>
chess.pgn -> ERROR: illegal san: 'Bc6' in rnbqkb1r/ppp1pppp/3p1n2/8/2P5/3P2P1/PP2PP1P/RNBQKBNR b KQkq - 0 3 while parsing <Game at 0x7bdbf62b4340 ('?' vs. '?', '????.??.??' at '?')>
root -> INFO: Epoch: 0
root -> INFO: Train Loss: 0.7339212433858351
root -> INFO: Val Loss: 0.7077100078264872
root -> INFO: Val Accuracy: 0.25246398786959817
root -> INFO: Epoch: 1
root -> INFO: Train Loss: 0.6398730061270974
root -> INFO: Val Loss: 0.6083504756291708
root -> INFO: Val Accuracy: 0.2975318001853256
root -> INFO: Epoch: 2
root -> INFO: Train Loss: 0.5615411482074044
root -> INFO: Val Loss: 0.5299016435941061
root -> INFO: Val Accuracy: 0.3893522028472749
root -> INFO: Epoch: 3
root -> INFO: Train Loss: 0.4872584749351848
root -> INFO: Val Loss: 0.45871037244796753
root -> INFO: Val Accuracy: 0.47367534327352373
root -> INFO: Epoch: 4
root -> INFO: Train Loss: 0.4219577082178809
root -> INFO: Val Loss: 0.40601393580436707
root -> INFO: Val Accuracy: 0.5373599528262152
root -> INFO: Epoch: 5
root -> INFO: Train Loss: 0.3713997412811626
root -> INFO: Val Loss: 0.3623410662015279
root -> INFO: Val Accuracy: 0.5866397102181787
root -> INFO: Epoch: 6
root -> INFO: Train Loss: 0.33085085587068036
root -> INFO: Val Loss: 0.33381027976671857
root -> INFO: Val Accuracy: 0.6173026703731783
root -> INFO: Epoch: 7
root -> INFO: Train Loss: 0.29944710298018024
root -> INFO: Val Loss: 0.3061017294724782
root -> INFO: Val Accuracy: 0.654367787044057
root -> INFO: Epoch: 8
root -> INFO: Train Loss: 0.276715259660374
root -> INFO: Val Loss: 0.28461745381355286
root -> INFO: Val Accuracy: 0.6740796900008423
root -> INFO: Epoch: 9
root -> INFO: Train Loss: 0.25691439685496414
root -> INFO: Val Loss: 0.2767430345217387
root -> INFO: Val Accuracy: 0.6921068149271333
root -> INFO: Epoch: 10
root -> INFO: Train Loss: 0.2445517128164118
root -> INFO: Val Loss: 0.26768837372461957
root -> INFO: Val Accuracy: 0.704152977845169
root -> INFO: Epoch: 11
root -> INFO: Train Loss: 0.22932195053859192
root -> INFO: Val Loss: 0.249844824274381
root -> INFO: Val Accuracy: 0.7194844579226687
root -> INFO: Epoch: 12
root -> INFO: Train Loss: 0.22172762995416467
root -> INFO: Val Loss: 0.24286015331745148
root -> INFO: Val Accuracy: 0.7264762867492208
root -> INFO: Epoch: 13
root -> INFO: Train Loss: 0.21089034392075104
root -> INFO: Val Loss: 0.2336829205354055
root -> INFO: Val Accuracy: 0.7307724707269817
root -> INFO: Epoch: 14
root -> INFO: Train Loss: 0.20414240996945987
root -> INFO: Val Loss: 0.22529820104440054
root -> INFO: Val Accuracy: 0.7449246061831354
root -> INFO: Epoch: 15
root -> INFO: Train Loss: 0.19916385073553433
root -> INFO: Val Loss: 0.2249684085448583
root -> INFO: Val Accuracy: 0.7470305787212534
root -> INFO: Epoch: 16
root -> INFO: Train Loss: 0.19263924251903186
root -> INFO: Val Loss: 0.21889265875021616
root -> INFO: Val Accuracy: 0.7518321961081628
root -> INFO: Epoch: 17
root -> INFO: Train Loss: 0.18993160941384055
root -> INFO: Val Loss: 0.22086775799592337
root -> INFO: Val Accuracy: 0.7577289192148935
root -> INFO: Epoch: 18
root -> INFO: Train Loss: 0.18613272634419528
root -> INFO: Val Loss: 0.2174361695845922
root -> INFO: Val Accuracy: 0.7613511919804565
root -> INFO: Epoch: 19
root -> INFO: Train Loss: 0.18175663392652164
root -> INFO: Val Loss: 0.21896361807982126
root -> INFO: Val Accuracy: 0.7546120798584787
root -> INFO: Epoch: 20
root -> INFO: Train Loss: 0.17763244292952798
root -> INFO: Val Loss: 0.21051068107287088
root -> INFO: Val Accuracy: 0.7640468368292478
root -> INFO: Epoch: 21
root -> INFO: Train Loss: 0.17514476654204456
root -> INFO: Val Loss: 0.20513100922107697
root -> INFO: Val Accuracy: 0.7728076825878191
root -> INFO: Epoch: 22
root -> INFO: Train Loss: 0.17268959839235654
root -> INFO: Val Loss: 0.19718863566716513
root -> INFO: Val Accuracy: 0.7833375452784096
root -> INFO: Epoch: 23
root -> INFO: Train Loss: 0.17049385539510034
root -> INFO: Val Loss: 0.2017591049273809
root -> INFO: Val Accuracy: 0.7734815938000168
root -> INFO: Epoch: 24
root -> INFO: Train Loss: 0.16603341630913995
root -> INFO: Val Loss: 0.19574480255444845
root -> INFO: Val Accuracy: 0.7866228624378738
root -> INFO: Epoch: 25
root -> INFO: Train Loss: 0.1653929813341661
root -> INFO: Val Loss: 0.1946061650911967
root -> INFO: Val Accuracy: 0.7863701457332997
root -> INFO: Epoch: 26
root -> INFO: Train Loss: 0.1635179804130034
root -> INFO: Val Loss: 0.18979453047116598
root -> INFO: Val Accuracy: 0.7896554628927639
root -> INFO: Epoch: 27
root -> INFO: Train Loss: 0.1634744263508103
root -> INFO: Val Loss: 0.1888458033402761
root -> INFO: Val Accuracy: 0.7916771965293573
root -> INFO: Epoch: 28
root -> INFO: Train Loss: 0.16211061450568112
root -> INFO: Val Loss: 0.20660432676474252
root -> INFO: Val Accuracy: 0.7765984331564316
root -> INFO: Epoch: 29
root -> INFO: Train Loss: 0.15963212807070126
root -> INFO: Val Loss: 0.18993568420410156
root -> INFO: Val Accuracy: 0.7937831690674754
root -> INFO: Epoch: 30
root -> INFO: Train Loss: 0.15917342088439249
root -> INFO: Val Loss: 0.18673730889956155
root -> INFO: Val Accuracy: 0.7969000084238902
root -> INFO: Epoch: 31
root -> INFO: Train Loss: 0.15753846615552902
root -> INFO: Val Loss: 0.19321106870969137
root -> INFO: Val Accuracy: 0.790245135203437
root -> INFO: Epoch: 32
root -> INFO: Train Loss: 0.1566561975262382
root -> INFO: Val Loss: 0.19090314706166586
root -> INFO: Val Accuracy: 0.7909190464156347
root -> INFO: Epoch: 33
root -> INFO: Train Loss: 0.15412212908267975
root -> INFO: Val Loss: 0.1911211609840393
root -> INFO: Val Accuracy: 0.7906663297110605
root -> INFO: Epoch: 34
root -> INFO: Train Loss: 0.15466594628312372
root -> INFO: Val Loss: 0.18437555929025015
root -> INFO: Val Accuracy: 0.8010277145986017
root -> INFO: Epoch: 35
root -> INFO: Train Loss: 0.15143069421703165
root -> INFO: Val Loss: 0.19114765028158823
root -> INFO: Val Accuracy: 0.7939516468705248
root -> INFO: Epoch: 36
root -> INFO: Train Loss: 0.15127124163237485
root -> INFO: Val Loss: 0.1831930677096049
root -> INFO: Val Accuracy: 0.8041445539550164
root -> INFO: Epoch: 37
root -> INFO: Train Loss: 0.14938475801186127
root -> INFO: Val Loss: 0.184428741534551
root -> INFO: Val Accuracy: 0.7987532642574341
root -> INFO: Epoch: 38
root -> INFO: Train Loss: 0.1473131145943295
root -> INFO: Val Loss: 0.18761118749777475
root -> INFO: Val Accuracy: 0.7969000084238902
root -> INFO: Epoch: 39
root -> INFO: Train Loss: 0.14648704366250473
root -> INFO: Val Loss: 0.18011326591173807
root -> INFO: Val Accuracy: 0.8023755370229972
root -> INFO: Epoch: 40
root -> INFO: Train Loss: 0.14809695834463293
root -> INFO: Val Loss: 0.1784606327613195
root -> INFO: Val Accuracy: 0.8081037823266785
root -> INFO: Epoch: 41
root -> INFO: Train Loss: 0.14608284221454101
root -> INFO: Val Loss: 0.19744126498699188
root -> INFO: Val Accuracy: 0.7771881054671047
root -> INFO: Epoch: 42
root -> INFO: Train Loss: 0.14683964171192862
root -> INFO: Val Loss: 0.1789960414171219
root -> INFO: Val Accuracy: 0.807008676606857
root -> INFO: Epoch: 43
root -> INFO: Train Loss: 0.1474612456831065
root -> INFO: Val Loss: 0.19032627840836844
root -> INFO: Val Accuracy: 0.7910032853171595
root -> INFO: Epoch: 44
root -> INFO: Train Loss: 0.1490230377424847
root -> INFO: Val Loss: 0.18505963683128357
root -> INFO: Val Accuracy: 0.7984163086513352
root -> INFO: Epoch: 45
root -> INFO: Train Loss: 0.14640356397086923
root -> INFO: Val Loss: 0.18018777668476105
root -> INFO: Val Accuracy: 0.8032179260382445
root -> INFO: Epoch: 46
root -> INFO: Train Loss: 0.1433228091760115
root -> INFO: Val Loss: 0.17941572765509287
root -> INFO: Val Accuracy: 0.8043130317580659
root -> INFO: Epoch: 47
root -> INFO: Train Loss: 0.14388023655522952
root -> INFO: Val Loss: 0.17450812955697378
root -> INFO: Val Accuracy: 0.8083564990312526
root -> INFO: Epoch: 48
root -> INFO: Train Loss: 0.1422665776176886
root -> INFO: Val Loss: 0.17703842123349509
root -> INFO: Val Accuracy: 0.8116418161907168
root -> INFO: Epoch: 49
root -> INFO: Train Loss: 0.14254210550676694
root -> INFO: Val Loss: 0.1752477834622065
root -> INFO: Val Accuracy: 0.8129053997135878
